2025-09-14 22:28:58 | INFO | Sent message to topic 'buzzline_json': {'company': 'MegaCorp', 'email_type': 'newsletter', 'user_action': 'unsubscribed'}
2025-09-14 22:28:58 | INFO | Processed email monitoring message: {'company': 'MegaCorp', 'email_type': 'newsletter', 'user_action': 'unsubscribed'}
2025-09-14 22:28:58 | INFO | Email from MegaCorp (newsletter): User unsubscribed
2025-09-14 22:28:58 | WARNING | CONSUMER PROTECTION ALERT: MegaCorp has 9 unsubscribe attempts - potential violation!
2025-09-14 22:28:58 | INFO | Current unsubscribe counts: {'MegaCorp': 9, 'SpamCorp': 4, 'ShopFast': 2}
2025-09-14 22:28:59 | INFO | Sent message to topic 'buzzline_json': {'company': 'SpamCorp', 'email_type': 'promotional', 'user_action': 'unsubscribed'}
2025-09-14 22:28:59 | INFO | Processed email monitoring message: {'company': 'SpamCorp', 'email_type': 'promotional', 'user_action': 'unsubscribed'}
2025-09-14 22:28:59 | INFO | Email from SpamCorp (promotional): User unsubscribed
2025-09-14 22:28:59 | WARNING | CONSUMER PROTECTION ALERT: SpamCorp has 5 unsubscribe attempts - potential violation!
2025-09-14 22:28:59 | INFO | Current unsubscribe counts: {'MegaCorp': 9, 'SpamCorp': 5, 'ShopFast': 2}
2025-09-14 22:29:00 | INFO | Sent message to topic 'buzzline_json': {'company': 'ShopFast', 'email_type': 'sale_alert', 'user_action': 'unsubscribed'}
2025-09-14 22:29:00 | INFO | Processed email monitoring message: {'company': 'ShopFast', 'email_type': 'sale_alert', 'user_action': 'unsubscribed'}
2025-09-14 22:29:00 | INFO | Email from ShopFast (sale_alert): User unsubscribed
2025-09-14 22:29:00 | WARNING | CONSUMER PROTECTION ALERT: ShopFast has 3 unsubscribe attempts - potential violation!
2025-09-14 22:29:00 | INFO | Current unsubscribe counts: {'MegaCorp': 9, 'SpamCorp': 5, 'ShopFast': 3}
2025-09-14 22:29:01 | INFO | Sent message to topic 'buzzline_json': {'company': 'SpamCorp', 'email_type': 'survey', 'user_action': 'unsubscribed'}
2025-09-14 22:29:01 | INFO | Processed email monitoring message: {'company': 'SpamCorp', 'email_type': 'survey', 'user_action': 'unsubscribed'}
2025-09-14 22:29:01 | INFO | Email from SpamCorp (survey): User unsubscribed
2025-09-14 22:29:01 | WARNING | CONSUMER PROTECTION ALERT: SpamCorp has 6 unsubscribe attempts - potential violation!
2025-09-14 22:29:01 | INFO | Current unsubscribe counts: {'MegaCorp': 9, 'SpamCorp': 6, 'ShopFast': 3}
2025-09-14 22:29:02 | INFO | Opening data file in read mode: C:/Users/USER/Documents/buzzline-03-webb/data/email_monitor.json
2025-09-14 22:29:02 | INFO | Reading data from file: C:/Users/USER/Documents/buzzline-03-webb/data/email_monitor.json
2025-09-14 22:29:02 | INFO | Sent message to topic 'buzzline_json': {'company': 'MegaCorp', 'email_type': 'promotional', 'user_action': 'unsubscribed'}
2025-09-14 22:29:02 | INFO | Processed email monitoring message: {'company': 'MegaCorp', 'email_type': 'promotional', 'user_action': 'unsubscribed'}
2025-09-14 22:29:02 | INFO | Email from MegaCorp (promotional): User unsubscribed
2025-09-14 22:29:02 | WARNING | CONSUMER PROTECTION ALERT: MegaCorp has 10 unsubscribe attempts - potential violation!
2025-09-14 22:29:02 | INFO | Current unsubscribe counts: {'MegaCorp': 10, 'SpamCorp': 6, 'ShopFast': 3}
2025-09-14 22:29:03 | INFO | Sent message to topic 'buzzline_json': {'company': 'ShopFast', 'email_type': 'newsletter', 'user_action': 'clicked'}
2025-09-14 22:29:03 | INFO | Processed email monitoring message: {'company': 'ShopFast', 'email_type': 'newsletter', 'user_action': 'clicked'}
2025-09-14 22:29:03 | INFO | Email from ShopFast (newsletter): User clicked
2025-09-14 22:29:03 | INFO | Current unsubscribe counts: {'MegaCorp': 10, 'SpamCorp': 6, 'ShopFast': 3}
2025-09-14 22:29:04 | INFO | Sent message to topic 'buzzline_json': {'company': 'MegaCorp', 'email_type': 'sale_alert', 'user_action': 'unsubscribed'}
2025-09-14 22:29:04 | INFO | Processed email monitoring message: {'company': 'MegaCorp', 'email_type': 'sale_alert', 'user_action': 'unsubscribed'}
2025-09-14 22:29:04 | INFO | Email from MegaCorp (sale_alert): User unsubscribed
2025-09-14 22:29:04 | WARNING | CONSUMER PROTECTION ALERT: MegaCorp has 11 unsubscribe attempts - potential violation!
2025-09-14 22:29:04 | INFO | Current unsubscribe counts: {'MegaCorp': 11, 'SpamCorp': 6, 'ShopFast': 3}
2025-09-14 22:29:05 | INFO | Sent message to topic 'buzzline_json': {'company': 'DealHunter', 'email_type': 'survey', 'user_action': 'ignored'}
2025-09-14 22:29:05 | INFO | Processed email monitoring message: {'company': 'DealHunter', 'email_type': 'survey', 'user_action': 'ignored'}
2025-09-14 22:29:05 | INFO | Email from DealHunter (survey): User ignored
2025-09-14 22:29:05 | INFO | Current unsubscribe counts: {'MegaCorp': 11, 'SpamCorp': 6, 'ShopFast': 3}
2025-09-14 22:29:06 | INFO | Sent message to topic 'buzzline_json': {'company': 'BargainMart', 'email_type': 'promotional', 'user_action': 'marked_spam'}
2025-09-14 22:29:06 | INFO | Processed email monitoring message: {'company': 'BargainMart', 'email_type': 'promotional', 'user_action': 'marked_spam'}
2025-09-14 22:29:06 | INFO | Email from BargainMart (promotional): User marked_spam
2025-09-14 22:29:06 | INFO | Current unsubscribe counts: {'MegaCorp': 11, 'SpamCorp': 6, 'ShopFast': 3}
2025-09-14 22:29:07 | INFO | Sent message to topic 'buzzline_json': {'company': 'QuickBuy', 'email_type': 'welcome_email', 'user_action': 'clicked'}
2025-09-14 22:29:07 | INFO | Processed email monitoring message: {'company': 'QuickBuy', 'email_type': 'welcome_email', 'user_action': 'clicked'}
2025-09-14 22:29:07 | INFO | Email from QuickBuy (welcome_email): User clicked
2025-09-14 22:29:07 | INFO | Current unsubscribe counts: {'MegaCorp': 11, 'SpamCorp': 6, 'ShopFast': 3}
2025-09-14 22:29:08 | INFO | Sent message to topic 'buzzline_json': {'company': 'MegaCorp', 'email_type': 'newsletter', 'user_action': 'unsubscribed'}
2025-09-14 22:29:08 | INFO | Processed email monitoring message: {'company': 'MegaCorp', 'email_type': 'newsletter', 'user_action': 'unsubscribed'}
2025-09-14 22:29:08 | INFO | Email from MegaCorp (newsletter): User unsubscribed
2025-09-14 22:29:08 | WARNING | CONSUMER PROTECTION ALERT: MegaCorp has 12 unsubscribe attempts - potential violation!
2025-09-14 22:29:08 | INFO | Current unsubscribe counts: {'MegaCorp': 12, 'SpamCorp': 6, 'ShopFast': 3}
2025-09-14 22:29:09 | INFO | Sent message to topic 'buzzline_json': {'company': 'SpamCorp', 'email_type': 'promotional', 'user_action': 'unsubscribed'}
2025-09-14 22:29:09 | INFO | Processed email monitoring message: {'company': 'SpamCorp', 'email_type': 'promotional', 'user_action': 'unsubscribed'}
2025-09-14 22:29:09 | INFO | Email from SpamCorp (promotional): User unsubscribed
2025-09-14 22:29:09 | WARNING | CONSUMER PROTECTION ALERT: SpamCorp has 7 unsubscribe attempts - potential violation!
2025-09-14 22:29:09 | INFO | Current unsubscribe counts: {'MegaCorp': 12, 'SpamCorp': 7, 'ShopFast': 3}
2025-09-14 22:29:10 | INFO | Sent message to topic 'buzzline_json': {'company': 'ShopFast', 'email_type': 'sale_alert', 'user_action': 'unsubscribed'}
2025-09-14 22:29:10 | INFO | Processed email monitoring message: {'company': 'ShopFast', 'email_type': 'sale_alert', 'user_action': 'unsubscribed'}
2025-09-14 22:29:10 | INFO | Email from ShopFast (sale_alert): User unsubscribed
2025-09-14 22:29:10 | WARNING | CONSUMER PROTECTION ALERT: ShopFast has 4 unsubscribe attempts - potential violation!
2025-09-14 22:29:10 | INFO | Current unsubscribe counts: {'MegaCorp': 12, 'SpamCorp': 7, 'ShopFast': 4}
2025-09-14 22:29:11 | INFO | Sent message to topic 'buzzline_json': {'company': 'SpamCorp', 'email_type': 'survey', 'user_action': 'unsubscribed'}
2025-09-14 22:29:11 | INFO | Processed email monitoring message: {'company': 'SpamCorp', 'email_type': 'survey', 'user_action': 'unsubscribed'}
2025-09-14 22:29:11 | INFO | Email from SpamCorp (survey): User unsubscribed
2025-09-14 22:29:11 | WARNING | CONSUMER PROTECTION ALERT: SpamCorp has 8 unsubscribe attempts - potential violation!
2025-09-14 22:29:11 | INFO | Current unsubscribe counts: {'MegaCorp': 12, 'SpamCorp': 8, 'ShopFast': 4}
2025-09-14 22:29:12 | INFO | Opening data file in read mode: C:/Users/USER/Documents/buzzline-03-webb/data/email_monitor.json
2025-09-14 22:29:12 | INFO | Reading data from file: C:/Users/USER/Documents/buzzline-03-webb/data/email_monitor.json
2025-09-14 22:29:12 | INFO | Sent message to topic 'buzzline_json': {'company': 'MegaCorp', 'email_type': 'promotional', 'user_action': 'unsubscribed'}
2025-09-14 22:29:12 | INFO | Processed email monitoring message: {'company': 'MegaCorp', 'email_type': 'promotional', 'user_action': 'unsubscribed'}
2025-09-14 22:29:12 | INFO | Email from MegaCorp (promotional): User unsubscribed
2025-09-14 22:29:12 | WARNING | CONSUMER PROTECTION ALERT: MegaCorp has 13 unsubscribe attempts - potential violation!
2025-09-14 22:29:12 | INFO | Current unsubscribe counts: {'MegaCorp': 13, 'SpamCorp': 8, 'ShopFast': 4}
2025-09-14 22:29:13 | INFO | Sent message to topic 'buzzline_json': {'company': 'ShopFast', 'email_type': 'newsletter', 'user_action': 'clicked'}
2025-09-14 22:29:13 | INFO | Processed email monitoring message: {'company': 'ShopFast', 'email_type': 'newsletter', 'user_action': 'clicked'}
2025-09-14 22:29:13 | INFO | Email from ShopFast (newsletter): User clicked
2025-09-14 22:29:13 | INFO | Current unsubscribe counts: {'MegaCorp': 13, 'SpamCorp': 8, 'ShopFast': 4}
2025-09-14 22:29:14 | INFO | Sent message to topic 'buzzline_json': {'company': 'MegaCorp', 'email_type': 'sale_alert', 'user_action': 'unsubscribed'}
2025-09-14 22:29:14 | INFO | Processed email monitoring message: {'company': 'MegaCorp', 'email_type': 'sale_alert', 'user_action': 'unsubscribed'}
2025-09-14 22:29:14 | INFO | Email from MegaCorp (sale_alert): User unsubscribed
2025-09-14 22:29:14 | WARNING | CONSUMER PROTECTION ALERT: MegaCorp has 14 unsubscribe attempts - potential violation!
2025-09-14 22:29:14 | INFO | Current unsubscribe counts: {'MegaCorp': 14, 'SpamCorp': 8, 'ShopFast': 4}
2025-09-14 22:29:15 | INFO | Sent message to topic 'buzzline_json': {'company': 'DealHunter', 'email_type': 'survey', 'user_action': 'ignored'}
2025-09-14 22:29:15 | INFO | Processed email monitoring message: {'company': 'DealHunter', 'email_type': 'survey', 'user_action': 'ignored'}
2025-09-14 22:29:15 | INFO | Email from DealHunter (survey): User ignored
2025-09-14 22:29:15 | INFO | Current unsubscribe counts: {'MegaCorp': 14, 'SpamCorp': 8, 'ShopFast': 4}
2025-09-14 22:29:16 | INFO | Sent message to topic 'buzzline_json': {'company': 'BargainMart', 'email_type': 'promotional', 'user_action': 'marked_spam'}
2025-09-14 22:29:16 | INFO | Processed email monitoring message: {'company': 'BargainMart', 'email_type': 'promotional', 'user_action': 'marked_spam'}
2025-09-14 22:29:16 | INFO | Email from BargainMart (promotional): User marked_spam
2025-09-14 22:29:16 | INFO | Current unsubscribe counts: {'MegaCorp': 14, 'SpamCorp': 8, 'ShopFast': 4}
2025-09-14 22:29:17 | INFO | Sent message to topic 'buzzline_json': {'company': 'QuickBuy', 'email_type': 'welcome_email', 'user_action': 'clicked'}
2025-09-14 22:29:17 | INFO | Processed email monitoring message: {'company': 'QuickBuy', 'email_type': 'welcome_email', 'user_action': 'clicked'}
2025-09-14 22:29:17 | INFO | Email from QuickBuy (welcome_email): User clicked
2025-09-14 22:29:17 | INFO | Current unsubscribe counts: {'MegaCorp': 14, 'SpamCorp': 8, 'ShopFast': 4}
2025-09-14 22:29:18 | INFO | Sent message to topic 'buzzline_json': {'company': 'MegaCorp', 'email_type': 'newsletter', 'user_action': 'unsubscribed'}
2025-09-14 22:29:18 | INFO | Processed email monitoring message: {'company': 'MegaCorp', 'email_type': 'newsletter', 'user_action': 'unsubscribed'}
2025-09-14 22:29:18 | INFO | Email from MegaCorp (newsletter): User unsubscribed
2025-09-14 22:29:18 | WARNING | CONSUMER PROTECTION ALERT: MegaCorp has 15 unsubscribe attempts - potential violation!
2025-09-14 22:29:18 | INFO | Current unsubscribe counts: {'MegaCorp': 15, 'SpamCorp': 8, 'ShopFast': 4}
2025-09-14 22:29:19 | INFO | Sent message to topic 'buzzline_json': {'company': 'SpamCorp', 'email_type': 'promotional', 'user_action': 'unsubscribed'}
2025-09-14 22:29:19 | INFO | Processed email monitoring message: {'company': 'SpamCorp', 'email_type': 'promotional', 'user_action': 'unsubscribed'}
2025-09-14 22:29:19 | INFO | Email from SpamCorp (promotional): User unsubscribed
2025-09-14 22:29:19 | WARNING | CONSUMER PROTECTION ALERT: SpamCorp has 9 unsubscribe attempts - potential violation!
2025-09-14 22:29:19 | INFO | Current unsubscribe counts: {'MegaCorp': 15, 'SpamCorp': 9, 'ShopFast': 4}
2025-09-14 22:29:20 | INFO | Sent message to topic 'buzzline_json': {'company': 'ShopFast', 'email_type': 'sale_alert', 'user_action': 'unsubscribed'}
2025-09-14 22:29:20 | INFO | Processed email monitoring message: {'company': 'ShopFast', 'email_type': 'sale_alert', 'user_action': 'unsubscribed'}
2025-09-14 22:29:20 | INFO | Email from ShopFast (sale_alert): User unsubscribed
2025-09-14 22:29:20 | WARNING | CONSUMER PROTECTION ALERT: ShopFast has 5 unsubscribe attempts - potential violation!
2025-09-14 22:29:20 | INFO | Current unsubscribe counts: {'MegaCorp': 15, 'SpamCorp': 9, 'ShopFast': 5}
2025-09-14 22:29:21 | INFO | Sent message to topic 'buzzline_json': {'company': 'SpamCorp', 'email_type': 'survey', 'user_action': 'unsubscribed'}
2025-09-14 22:29:21 | INFO | Processed email monitoring message: {'company': 'SpamCorp', 'email_type': 'survey', 'user_action': 'unsubscribed'}
2025-09-14 22:29:21 | INFO | Email from SpamCorp (survey): User unsubscribed
2025-09-14 22:29:21 | WARNING | CONSUMER PROTECTION ALERT: SpamCorp has 10 unsubscribe attempts - potential violation!
2025-09-14 22:29:21 | INFO | Current unsubscribe counts: {'MegaCorp': 15, 'SpamCorp': 10, 'ShopFast': 5}
2025-09-14 22:29:22 | INFO | Opening data file in read mode: C:/Users/USER/Documents/buzzline-03-webb/data/email_monitor.json
2025-09-14 22:29:22 | INFO | Reading data from file: C:/Users/USER/Documents/buzzline-03-webb/data/email_monitor.json
2025-09-14 22:29:22 | INFO | Sent message to topic 'buzzline_json': {'company': 'MegaCorp', 'email_type': 'promotional', 'user_action': 'unsubscribed'}
2025-09-14 22:29:22 | INFO | Processed email monitoring message: {'company': 'MegaCorp', 'email_type': 'promotional', 'user_action': 'unsubscribed'}
2025-09-14 22:29:22 | INFO | Email from MegaCorp (promotional): User unsubscribed
2025-09-14 22:29:22 | WARNING | CONSUMER PROTECTION ALERT: MegaCorp has 16 unsubscribe attempts - potential violation!
2025-09-14 22:29:22 | INFO | Current unsubscribe counts: {'MegaCorp': 16, 'SpamCorp': 10, 'ShopFast': 5}
2025-09-14 22:29:23 | INFO | Sent message to topic 'buzzline_json': {'company': 'ShopFast', 'email_type': 'newsletter', 'user_action': 'clicked'}
2025-09-14 22:29:23 | INFO | Processed email monitoring message: {'company': 'ShopFast', 'email_type': 'newsletter', 'user_action': 'clicked'}
2025-09-14 22:29:23 | INFO | Email from ShopFast (newsletter): User clicked
2025-09-14 22:29:23 | INFO | Current unsubscribe counts: {'MegaCorp': 16, 'SpamCorp': 10, 'ShopFast': 5}
2025-09-14 22:29:24 | INFO | Sent message to topic 'buzzline_json': {'company': 'MegaCorp', 'email_type': 'sale_alert', 'user_action': 'unsubscribed'}
2025-09-14 22:29:24 | INFO | Processed email monitoring message: {'company': 'MegaCorp', 'email_type': 'sale_alert', 'user_action': 'unsubscribed'}
2025-09-14 22:29:24 | INFO | Email from MegaCorp (sale_alert): User unsubscribed
2025-09-14 22:29:24 | WARNING | CONSUMER PROTECTION ALERT: MegaCorp has 17 unsubscribe attempts - potential violation!
2025-09-14 22:29:24 | INFO | Current unsubscribe counts: {'MegaCorp': 17, 'SpamCorp': 10, 'ShopFast': 5}
2025-09-14 22:29:25 | INFO | Sent message to topic 'buzzline_json': {'company': 'DealHunter', 'email_type': 'survey', 'user_action': 'ignored'}
2025-09-14 22:29:25 | INFO | Processed email monitoring message: {'company': 'DealHunter', 'email_type': 'survey', 'user_action': 'ignored'}
2025-09-14 22:29:25 | INFO | Email from DealHunter (survey): User ignored
2025-09-14 22:29:25 | INFO | Current unsubscribe counts: {'MegaCorp': 17, 'SpamCorp': 10, 'ShopFast': 5}
2025-09-14 22:29:26 | INFO | Sent message to topic 'buzzline_json': {'company': 'BargainMart', 'email_type': 'promotional', 'user_action': 'marked_spam'}
2025-09-14 22:29:26 | INFO | Processed email monitoring message: {'company': 'BargainMart', 'email_type': 'promotional', 'user_action': 'marked_spam'}
2025-09-14 22:29:26 | INFO | Email from BargainMart (promotional): User marked_spam
2025-09-14 22:29:26 | INFO | Current unsubscribe counts: {'MegaCorp': 17, 'SpamCorp': 10, 'ShopFast': 5}
2025-09-14 22:29:27 | INFO | Sent message to topic 'buzzline_json': {'company': 'QuickBuy', 'email_type': 'welcome_email', 'user_action': 'clicked'}
2025-09-14 22:29:27 | INFO | Processed email monitoring message: {'company': 'QuickBuy', 'email_type': 'welcome_email', 'user_action': 'clicked'}
2025-09-14 22:29:27 | INFO | Email from QuickBuy (welcome_email): User clicked
2025-09-14 22:29:27 | INFO | Current unsubscribe counts: {'MegaCorp': 17, 'SpamCorp': 10, 'ShopFast': 5}
2025-09-14 22:29:28 | INFO | Sent message to topic 'buzzline_json': {'company': 'MegaCorp', 'email_type': 'newsletter', 'user_action': 'unsubscribed'}
2025-09-14 22:29:28 | INFO | Processed email monitoring message: {'company': 'MegaCorp', 'email_type': 'newsletter', 'user_action': 'unsubscribed'}
2025-09-14 22:29:28 | INFO | Email from MegaCorp (newsletter): User unsubscribed
2025-09-14 22:29:28 | WARNING | CONSUMER PROTECTION ALERT: MegaCorp has 18 unsubscribe attempts - potential violation!
2025-09-14 22:29:28 | INFO | Current unsubscribe counts: {'MegaCorp': 18, 'SpamCorp': 10, 'ShopFast': 5}
2025-09-14 22:29:29 | INFO | Sent message to topic 'buzzline_json': {'company': 'SpamCorp', 'email_type': 'promotional', 'user_action': 'unsubscribed'}
2025-09-14 22:29:29 | INFO | Processed email monitoring message: {'company': 'SpamCorp', 'email_type': 'promotional', 'user_action': 'unsubscribed'}
2025-09-14 22:29:29 | INFO | Email from SpamCorp (promotional): User unsubscribed
2025-09-14 22:29:29 | WARNING | CONSUMER PROTECTION ALERT: SpamCorp has 11 unsubscribe attempts - potential violation!
2025-09-14 22:29:29 | INFO | Current unsubscribe counts: {'MegaCorp': 18, 'SpamCorp': 11, 'ShopFast': 5}
2025-09-14 22:29:30 | INFO | Sent message to topic 'buzzline_json': {'company': 'ShopFast', 'email_type': 'sale_alert', 'user_action': 'unsubscribed'}
2025-09-14 22:29:30 | INFO | Processed email monitoring message: {'company': 'ShopFast', 'email_type': 'sale_alert', 'user_action': 'unsubscribed'}
2025-09-14 22:29:30 | INFO | Email from ShopFast (sale_alert): User unsubscribed
2025-09-14 22:29:30 | WARNING | CONSUMER PROTECTION ALERT: ShopFast has 6 unsubscribe attempts - potential violation!
2025-09-14 22:29:30 | INFO | Current unsubscribe counts: {'MegaCorp': 18, 'SpamCorp': 11, 'ShopFast': 6}
2025-09-14 22:29:31 | INFO | Sent message to topic 'buzzline_json': {'company': 'SpamCorp', 'email_type': 'survey', 'user_action': 'unsubscribed'}
2025-09-14 22:29:31 | INFO | Processed email monitoring message: {'company': 'SpamCorp', 'email_type': 'survey', 'user_action': 'unsubscribed'}
2025-09-14 22:29:31 | INFO | Email from SpamCorp (survey): User unsubscribed
2025-09-14 22:29:31 | WARNING | CONSUMER PROTECTION ALERT: SpamCorp has 12 unsubscribe attempts - potential violation!
2025-09-14 22:29:31 | INFO | Current unsubscribe counts: {'MegaCorp': 18, 'SpamCorp': 12, 'ShopFast': 6}
2025-09-14 22:29:32 | INFO | Opening data file in read mode: C:/Users/USER/Documents/buzzline-03-webb/data/email_monitor.json
2025-09-14 22:29:32 | INFO | Reading data from file: C:/Users/USER/Documents/buzzline-03-webb/data/email_monitor.json
2025-09-14 22:29:32 | INFO | Sent message to topic 'buzzline_json': {'company': 'MegaCorp', 'email_type': 'promotional', 'user_action': 'unsubscribed'}
2025-09-14 22:29:32 | INFO | Processed email monitoring message: {'company': 'MegaCorp', 'email_type': 'promotional', 'user_action': 'unsubscribed'}
2025-09-14 22:29:32 | INFO | Email from MegaCorp (promotional): User unsubscribed
2025-09-14 22:29:32 | WARNING | CONSUMER PROTECTION ALERT: MegaCorp has 19 unsubscribe attempts - potential violation!
2025-09-14 22:29:32 | INFO | Current unsubscribe counts: {'MegaCorp': 19, 'SpamCorp': 12, 'ShopFast': 6}
2025-09-14 22:29:33 | INFO | Sent message to topic 'buzzline_json': {'company': 'ShopFast', 'email_type': 'newsletter', 'user_action': 'clicked'}
2025-09-14 22:29:33 | INFO | Processed email monitoring message: {'company': 'ShopFast', 'email_type': 'newsletter', 'user_action': 'clicked'}
2025-09-14 22:29:33 | INFO | Email from ShopFast (newsletter): User clicked
2025-09-14 22:29:33 | INFO | Current unsubscribe counts: {'MegaCorp': 19, 'SpamCorp': 12, 'ShopFast': 6}
2025-09-14 22:29:34 | INFO | Sent message to topic 'buzzline_json': {'company': 'MegaCorp', 'email_type': 'sale_alert', 'user_action': 'unsubscribed'}
2025-09-14 22:29:34 | INFO | Processed email monitoring message: {'company': 'MegaCorp', 'email_type': 'sale_alert', 'user_action': 'unsubscribed'}
2025-09-14 22:29:34 | INFO | Email from MegaCorp (sale_alert): User unsubscribed
2025-09-14 22:29:34 | WARNING | CONSUMER PROTECTION ALERT: MegaCorp has 20 unsubscribe attempts - potential violation!
2025-09-14 22:29:34 | INFO | Current unsubscribe counts: {'MegaCorp': 20, 'SpamCorp': 12, 'ShopFast': 6}
2025-09-14 22:29:35 | INFO | Sent message to topic 'buzzline_json': {'company': 'DealHunter', 'email_type': 'survey', 'user_action': 'ignored'}
2025-09-14 22:29:35 | INFO | Processed email monitoring message: {'company': 'DealHunter', 'email_type': 'survey', 'user_action': 'ignored'}
2025-09-14 22:29:35 | INFO | Email from DealHunter (survey): User ignored
2025-09-14 22:29:35 | INFO | Current unsubscribe counts: {'MegaCorp': 20, 'SpamCorp': 12, 'ShopFast': 6}
2025-09-14 22:29:36 | INFO | Sent message to topic 'buzzline_json': {'company': 'BargainMart', 'email_type': 'promotional', 'user_action': 'marked_spam'}
2025-09-14 22:29:36 | INFO | Processed email monitoring message: {'company': 'BargainMart', 'email_type': 'promotional', 'user_action': 'marked_spam'}
2025-09-14 22:29:36 | INFO | Email from BargainMart (promotional): User marked_spam
2025-09-14 22:29:36 | INFO | Current unsubscribe counts: {'MegaCorp': 20, 'SpamCorp': 12, 'ShopFast': 6}
2025-09-14 22:29:37 | INFO | Sent message to topic 'buzzline_json': {'company': 'QuickBuy', 'email_type': 'welcome_email', 'user_action': 'clicked'}
2025-09-14 22:29:37 | INFO | Processed email monitoring message: {'company': 'QuickBuy', 'email_type': 'welcome_email', 'user_action': 'clicked'}
2025-09-14 22:29:37 | INFO | Email from QuickBuy (welcome_email): User clicked
2025-09-14 22:29:37 | INFO | Current unsubscribe counts: {'MegaCorp': 20, 'SpamCorp': 12, 'ShopFast': 6}
2025-09-14 22:29:38 | INFO | Sent message to topic 'buzzline_json': {'company': 'MegaCorp', 'email_type': 'newsletter', 'user_action': 'unsubscribed'}
2025-09-14 22:29:38 | INFO | Processed email monitoring message: {'company': 'MegaCorp', 'email_type': 'newsletter', 'user_action': 'unsubscribed'}
2025-09-14 22:29:38 | INFO | Email from MegaCorp (newsletter): User unsubscribed
2025-09-14 22:29:38 | WARNING | CONSUMER PROTECTION ALERT: MegaCorp has 21 unsubscribe attempts - potential violation!
2025-09-14 22:29:38 | INFO | Current unsubscribe counts: {'MegaCorp': 21, 'SpamCorp': 12, 'ShopFast': 6}
2025-09-14 22:29:39 | INFO | Sent message to topic 'buzzline_json': {'company': 'SpamCorp', 'email_type': 'promotional', 'user_action': 'unsubscribed'}
2025-09-14 22:29:39 | INFO | Processed email monitoring message: {'company': 'SpamCorp', 'email_type': 'promotional', 'user_action': 'unsubscribed'}
2025-09-14 22:29:39 | INFO | Email from SpamCorp (promotional): User unsubscribed
2025-09-14 22:29:39 | WARNING | CONSUMER PROTECTION ALERT: SpamCorp has 13 unsubscribe attempts - potential violation!
2025-09-14 22:29:39 | INFO | Current unsubscribe counts: {'MegaCorp': 21, 'SpamCorp': 13, 'ShopFast': 6}
2025-09-14 22:29:40 | INFO | Sent message to topic 'buzzline_json': {'company': 'ShopFast', 'email_type': 'sale_alert', 'user_action': 'unsubscribed'}
2025-09-14 22:29:40 | INFO | Processed email monitoring message: {'company': 'ShopFast', 'email_type': 'sale_alert', 'user_action': 'unsubscribed'}
2025-09-14 22:29:40 | INFO | Email from ShopFast (sale_alert): User unsubscribed
2025-09-14 22:29:40 | WARNING | CONSUMER PROTECTION ALERT: ShopFast has 7 unsubscribe attempts - potential violation!
2025-09-14 22:29:40 | INFO | Current unsubscribe counts: {'MegaCorp': 21, 'SpamCorp': 13, 'ShopFast': 7}
2025-09-14 22:29:41 | INFO | Sent message to topic 'buzzline_json': {'company': 'SpamCorp', 'email_type': 'survey', 'user_action': 'unsubscribed'}
2025-09-14 22:29:41 | INFO | Processed email monitoring message: {'company': 'SpamCorp', 'email_type': 'survey', 'user_action': 'unsubscribed'}
2025-09-14 22:29:41 | INFO | Email from SpamCorp (survey): User unsubscribed
2025-09-14 22:29:41 | WARNING | CONSUMER PROTECTION ALERT: SpamCorp has 14 unsubscribe attempts - potential violation!
2025-09-14 22:29:41 | INFO | Current unsubscribe counts: {'MegaCorp': 21, 'SpamCorp': 14, 'ShopFast': 7}
2025-09-14 22:29:42 | INFO | Opening data file in read mode: C:/Users/USER/Documents/buzzline-03-webb/data/email_monitor.json
2025-09-14 22:29:42 | INFO | Reading data from file: C:/Users/USER/Documents/buzzline-03-webb/data/email_monitor.json
2025-09-14 22:29:42 | INFO | Sent message to topic 'buzzline_json': {'company': 'MegaCorp', 'email_type': 'promotional', 'user_action': 'unsubscribed'}
2025-09-14 22:29:42 | INFO | Processed email monitoring message: {'company': 'MegaCorp', 'email_type': 'promotional', 'user_action': 'unsubscribed'}
2025-09-14 22:29:42 | INFO | Email from MegaCorp (promotional): User unsubscribed
2025-09-14 22:29:42 | WARNING | CONSUMER PROTECTION ALERT: MegaCorp has 22 unsubscribe attempts - potential violation!
2025-09-14 22:29:42 | INFO | Current unsubscribe counts: {'MegaCorp': 22, 'SpamCorp': 14, 'ShopFast': 7}
2025-09-14 22:29:43 | INFO | Sent message to topic 'buzzline_json': {'company': 'ShopFast', 'email_type': 'newsletter', 'user_action': 'clicked'}
2025-09-14 22:29:43 | INFO | Processed email monitoring message: {'company': 'ShopFast', 'email_type': 'newsletter', 'user_action': 'clicked'}
2025-09-14 22:29:43 | INFO | Email from ShopFast (newsletter): User clicked
2025-09-14 22:29:43 | INFO | Current unsubscribe counts: {'MegaCorp': 22, 'SpamCorp': 14, 'ShopFast': 7}
2025-09-14 22:29:44 | WARNING | Consumer interrupted by user.
2025-09-14 22:29:44 | INFO | Kafka consumer for topic 'buzzline_json' closed.
2025-09-14 22:29:44 | INFO | END consumer for topic 'buzzline_json' and group 'buzz_group'.
2025-09-14 22:29:44 | INFO | Sent message to topic 'buzzline_json': {'company': 'MegaCorp', 'email_type': 'sale_alert', 'user_action': 'unsubscribed'}
2025-09-14 22:29:45 | INFO | Sent message to topic 'buzzline_json': {'company': 'DealHunter', 'email_type': 'survey', 'user_action': 'ignored'}
2025-09-14 22:29:46 | INFO | Sent message to topic 'buzzline_json': {'company': 'BargainMart', 'email_type': 'promotional', 'user_action': 'marked_spam'}
2025-09-14 22:29:47 | INFO | Sent message to topic 'buzzline_json': {'company': 'QuickBuy', 'email_type': 'welcome_email', 'user_action': 'clicked'}
2025-09-14 22:29:48 | INFO | Sent message to topic 'buzzline_json': {'company': 'MegaCorp', 'email_type': 'newsletter', 'user_action': 'unsubscribed'}
2025-09-14 22:29:49 | INFO | Sent message to topic 'buzzline_json': {'company': 'SpamCorp', 'email_type': 'promotional', 'user_action': 'unsubscribed'}
2025-09-14 22:29:50 | WARNING | Producer interrupted by user.
2025-09-14 22:29:50 | INFO | Kafka producer closed.
2025-09-14 22:29:50 | INFO | END producer.
